<?xml version="1.0" encoding="UTF-8"?>
<testsuite name="com.fabriciolfj.github.limites.LimitesApplicationTests" tests="1" skipped="0" failures="0" errors="0" timestamp="2021-05-13T22:38:04" hostname="spark-C62-LIV" time="0.017">
  <properties/>
  <testcase name="contextLoads()" classname="com.fabriciolfj.github.limites.LimitesApplicationTests" time="0.017"/>
  <system-out><![CDATA[teste]]></system-out>
  <system-err><![CDATA[]]></system-err>
</testsuite>
